0 info it worked if it ends with ok
1 verbose cli [ 'C:\\Program Files\\nodejs\\node.exe',
1 verbose cli   'C:\\Program Files\\nodejs\\node_modules\\npm\\bin\\npm-cli.js',
1 verbose cli   'start' ]
2 info using npm@3.10.10
3 info using node@v6.11.2
4 verbose run-script [ 'prestart', 'start', 'poststart' ]
5 info lifecycle api@0.0.0~prestart: api@0.0.0
6 silly lifecycle api@0.0.0~prestart: no script for prestart, continuing
7 info lifecycle api@0.0.0~start: api@0.0.0
8 verbose lifecycle api@0.0.0~start: unsafe-perm in lifecycle true
9 verbose lifecycle api@0.0.0~start: PATH: C:\Program Files\nodejs\node_modules\npm\bin\node-gyp-bin;E:\my-github\test\api\node_modules\.bin;C:\Program Files\ImageMagick-7.0.6-Q16;D:\DevTools\jdk1.7.0_79\bin;C:\WINDOWS\system32;C:\WINDOWS;C:\WINDOWS\System32\Wbem;C:\WINDOWS\System32\WindowsPowerShell\v1.0\;C:\Program Files\Lenovo\Bluetooth Software\;C:\Program Files\Lenovo\Bluetooth Software\syswow64;D:\DevTools\apache-maven-3.2.2\bin;E:\mysql-5.6.35-winx64\bin;D:\soft\bin;D:\New Folder\bin;D:\Git\cmd;C:\Program Files\nodejs\;C:\Ruby24-x64\bin;C:\Users\Administrator\AppData\Local\Programs\Python\Python35\Scripts\;C:\Users\Administrator\AppData\Local\Programs\Python\Python35\;C:\Users\Administrator\AppData\Local\Microsoft\WindowsApps;D:\Microsoft VS Code\bin;D:\AppServ\Apache2.2\bin;D:\AppServ\php5;D:\AppServ\MySQL\bin;C:\Users\Administrator\AppData\Roaming\npm
10 verbose lifecycle api@0.0.0~start: CWD: E:\my-github\test\api
11 silly lifecycle api@0.0.0~start: Args: [ '/d /s /c', 'supervisor ./bin/www' ]
12 silly lifecycle api@0.0.0~start: Returned: code: 3221225786  signal: null
13 info lifecycle api@0.0.0~start: Failed to exec start script
14 verbose stack Error: api@0.0.0 start: `supervisor ./bin/www`
14 verbose stack Exit status 3221225786
14 verbose stack     at EventEmitter.<anonymous> (C:\Program Files\nodejs\node_modules\npm\lib\utils\lifecycle.js:255:16)
14 verbose stack     at emitTwo (events.js:106:13)
14 verbose stack     at EventEmitter.emit (events.js:191:7)
14 verbose stack     at ChildProcess.<anonymous> (C:\Program Files\nodejs\node_modules\npm\lib\utils\spawn.js:40:14)
14 verbose stack     at emitTwo (events.js:106:13)
14 verbose stack     at ChildProcess.emit (events.js:191:7)
14 verbose stack     at maybeClose (internal/child_process.js:891:16)
14 verbose stack     at Process.ChildProcess._handle.onexit (internal/child_process.js:226:5)
15 verbose pkgid api@0.0.0
16 verbose cwd E:\my-github\test\api
17 error Windows_NT 10.0.14393
18 error argv "C:\\Program Files\\nodejs\\node.exe" "C:\\Program Files\\nodejs\\node_modules\\npm\\bin\\npm-cli.js" "start"
19 error node v6.11.2
20 error npm  v3.10.10
21 error code ELIFECYCLE
22 error api@0.0.0 start: `supervisor ./bin/www`
22 error Exit status 3221225786
23 error Failed at the api@0.0.0 start script 'supervisor ./bin/www'.
23 error Make sure you have the latest version of node.js and npm installed.
23 error If you do, this is most likely a problem with the api package,
23 error not with npm itself.
23 error Tell the author that this fails on your system:
23 error     supervisor ./bin/www
23 error You can get information on how to open an issue for this project with:
23 error     npm bugs api
23 error Or if that isn't available, you can get their info via:
23 error     npm owner ls api
23 error There is likely additional logging output above.
24 verbose exit [ 1, true ]
